2016/12/19 18:41:50 にビルドを開始しました。
     1>ノード 2 上のプロジェクト "C:\Users\遥菜\Desktop\agz_AutoMoveCam\agz_AutoMoveCam\agz_AutoMoveCam.vcxproj" (Build ターゲット)。
     1>ClCompile:
         C:\Program Files (x86)\Microsoft Visual Studio 12.0\VC\bin\CL.exe /c /I"C:\Users\遥菜\Documents\opencv\build\include" /I"C:\Users\遥菜\Documents\OptCamSDK" /ZI /nologo /W3 /WX- /sdl /Od /Oy- /D _MBCS /Gm /EHsc /RTC1 /MDd /GS /fp:precise /Zc:wchar_t /Zc:forScope /Fo"Debug\\" /Fd"Debug\vc120.pdb" /Gd /TP /wd4996 /analyze- /errorReport:prompt Control.cpp
         Control.cpp
     1>c:\users\遥菜\desktop\agz_automovecam\agz_automovecam\control.cpp(160): warning C4244: '=' : 'double' から 'int' への変換です。データが失われる可能性があります。
     1>c:\users\遥菜\desktop\agz_automovecam\agz_automovecam\control.cpp(161): warning C4244: '=' : 'double' から 'int' への変換です。データが失われる可能性があります。
     1>c:\users\遥菜\desktop\agz_automovecam\agz_automovecam\control.cpp(162): warning C4244: '=' : 'double' から 'int' への変換です。データが失われる可能性があります。
     1>c:\users\遥菜\desktop\agz_automovecam\agz_automovecam\control.cpp(163): warning C4244: '=' : 'double' から 'int' への変換です。データが失われる可能性があります。
     1>c:\users\遥菜\desktop\agz_automovecam\agz_automovecam\control.cpp(189): warning C4244: '引数' : 'double' から 'int' への変換です。データが失われる可能性があります。
     1>c:\users\遥菜\desktop\agz_automovecam\agz_automovecam\control.cpp(198): warning C4244: '引数' : 'double' から 'int' への変換です。データが失われる可能性があります。
     1>c:\users\遥菜\desktop\agz_automovecam\agz_automovecam\control.cpp(201): warning C4244: '引数' : 'double' から 'int' への変換です。データが失われる可能性があります。
     1>c:\users\遥菜\desktop\agz_automovecam\agz_automovecam\control.cpp(234): warning C4244: '初期化中' : 'double' から 'float' への変換です。データが失われる可能性があります。
     1>c:\users\遥菜\desktop\agz_automovecam\agz_automovecam\control.cpp(239): warning C4244: '初期化中' : 'double' から 'const float' への変換です。データが失われる可能性があります。
     1>c:\users\遥菜\desktop\agz_automovecam\agz_automovecam\control.cpp(241): warning C4244: '初期化中' : 'double' から 'const float' への変換です。データが失われる可能性があります。
     1>c:\users\遥菜\desktop\agz_automovecam\agz_automovecam\control.cpp(248): warning C4244: '=' : 'const float' から 'uchar' への変換です。データが失われる可能性があります。
     1>c:\users\遥菜\desktop\agz_automovecam\agz_automovecam\control.cpp(249): warning C4244: '=' : 'const float' から 'uchar' への変換です。データが失われる可能性があります。
     1>c:\users\遥菜\desktop\agz_automovecam\agz_automovecam\control.cpp(250): warning C4244: '=' : 'const float' から 'uchar' への変換です。データが失われる可能性があります。
     1>c:\users\遥菜\desktop\agz_automovecam\agz_automovecam\control.cpp(253): warning C4244: '=' : 'const float' から 'uchar' への変換です。データが失われる可能性があります。
     1>c:\users\遥菜\desktop\agz_automovecam\agz_automovecam\control.cpp(254): warning C4244: '=' : 'const float' から 'uchar' への変換です。データが失われる可能性があります。
     1>c:\users\遥菜\desktop\agz_automovecam\agz_automovecam\control.cpp(255): warning C4244: '=' : 'const float' から 'uchar' への変換です。データが失われる可能性があります。
     1>c:\users\遥菜\desktop\agz_automovecam\agz_automovecam\control.cpp(258): warning C4244: '=' : 'const float' から 'uchar' への変換です。データが失われる可能性があります。
     1>c:\users\遥菜\desktop\agz_automovecam\agz_automovecam\control.cpp(259): warning C4244: '=' : 'const float' から 'uchar' への変換です。データが失われる可能性があります。
     1>c:\users\遥菜\desktop\agz_automovecam\agz_automovecam\control.cpp(260): warning C4244: '=' : 'const float' から 'uchar' への変換です。データが失われる可能性があります。
     1>c:\users\遥菜\desktop\agz_automovecam\agz_automovecam\control.cpp(263): warning C4244: '=' : 'const float' から 'uchar' への変換です。データが失われる可能性があります。
     1>c:\users\遥菜\desktop\agz_automovecam\agz_automovecam\control.cpp(264): warning C4244: '=' : 'const float' から 'uchar' への変換です。データが失われる可能性があります。
     1>c:\users\遥菜\desktop\agz_automovecam\agz_automovecam\control.cpp(265): warning C4244: '=' : 'const float' から 'uchar' への変換です。データが失われる可能性があります。
     1>c:\users\遥菜\desktop\agz_automovecam\agz_automovecam\control.cpp(268): warning C4244: '=' : 'const float' から 'uchar' への変換です。データが失われる可能性があります。
     1>c:\users\遥菜\desktop\agz_automovecam\agz_automovecam\control.cpp(269): warning C4244: '=' : 'const float' から 'uchar' への変換です。データが失われる可能性があります。
     1>c:\users\遥菜\desktop\agz_automovecam\agz_automovecam\control.cpp(270): warning C4244: '=' : 'const float' から 'uchar' への変換です。データが失われる可能性があります。
     1>c:\users\遥菜\desktop\agz_automovecam\agz_automovecam\control.cpp(273): warning C4244: '=' : 'const float' から 'uchar' への変換です。データが失われる可能性があります。
     1>c:\users\遥菜\desktop\agz_automovecam\agz_automovecam\control.cpp(274): warning C4244: '=' : 'const float' から 'uchar' への変換です。データが失われる可能性があります。
     1>c:\users\遥菜\desktop\agz_automovecam\agz_automovecam\control.cpp(275): warning C4244: '=' : 'const float' から 'uchar' への変換です。データが失われる可能性があります。
     1>c:\users\遥菜\desktop\agz_automovecam\agz_automovecam\control.cpp(295): warning C4244: '引数' : 'double' から 'int' への変換です。データが失われる可能性があります。
       Link:
         C:\Program Files (x86)\Microsoft Visual Studio 12.0\VC\bin\link.exe /ERRORREPORT:PROMPT /OUT:"C:\Users\遥菜\Desktop\agz_AutoMoveCam\Debug\agz_AutoMoveCam.exe" /INCREMENTAL /NOLOGO /LIBPATH:"C:\Users\遥菜\Documents\opencv\build\x86\vc12\lib" /LIBPATH:"C:\Users\遥菜\Documents\OptCamSDK" SSK.lib opencv_core249d.lib opencv_highgui249d.lib opencv_imgproc249d.lib kernel32.lib user32.lib gdi32.lib winspool.lib comdlg32.lib advapi32.lib shell32.lib ole32.lib oleaut32.lib uuid.lib odbc32.lib odbccp32.lib /MANIFEST /MANIFESTUAC:"level='asInvoker' uiAccess='false'" /manifest:embed /DEBUG /PDB:"C:\Users\遥菜\Desktop\agz_AutoMoveCam\Debug\agz_AutoMoveCam.pdb" /TLBID:1 /DYNAMICBASE /NXCOMPAT /IMPLIB:"C:\Users\遥菜\Desktop\agz_AutoMoveCam\Debug\agz_AutoMoveCam.lib" /MACHINE:X86 Debug\Control.obj
         Debug\Img_Proc.obj
         Debug\main.obj
         agz_AutoMoveCam.vcxproj -> C:\Users\遥菜\Desktop\agz_AutoMoveCam\Debug\agz_AutoMoveCam.exe
     1>プロジェクト "C:\Users\遥菜\Desktop\agz_AutoMoveCam\agz_AutoMoveCam\agz_AutoMoveCam.vcxproj" (Build ターゲット) のビルドが完了しました。

ビルドに成功しました。

経過時間 00:00:06.29
